----------------------------------------------------------------------------------------------------
------------------------------------ MegaLinter, by OX Security ------------------------------------
----------------------------------------------------------------------------------------------------
 - Image Creation Date: 2022-08-12T16:34:07Z
 - Image Revision: bbc0709d5
 - Image Version: v6
----------------------------------------------------------------------------------------------------
The MegaLinter documentation can be found at:
 - https://oxsecurity.github.io/megalinter/latest
----------------------------------------------------------------------------------------------------
::group::MegaLinter initialization (expand for details)
GITHUB_REPOSITORY: brandonmcclure/learnGitBranching
GITHUB_REF: refs/pull/1/merge
GITHUB_RUN_ID: 2854483630


[Activation] JAVASCRIPT_ES has been set inactive, as none of these files has been found: ['.eslintrc.json', '.eslintrc.yml', '.eslintrc.yaml', '.eslintrc.js', '.eslintrc.cjs', 'package.json:eslintConfig']
[Activation] JSX_ESLINT has been set inactive, as none of these files has been found: ['.eslintrc.json', '.eslintrc.yml', '.eslintrc.yaml', '.eslintrc.js', '.eslintrc.cjs', 'package.json:eslintConfig']
[Activation] REPOSITORY_GOODCHECK has been set inactive, as none of these files has been found: ['goodcheck.yml']
[SemgrepLinter] Deactivated because no ruleset has been defined
[Activation] SQL_SQLFLUFF has been set inactive, as none of these files has been found: ['.sqlfluff']
[Activation] SWIFT_SWIFTLINT has been set inactive, as none of these files has been found: ['.swiftlint.yml']
[Activation] TSX_ESLINT has been set inactive, as none of these files has been found: ['.eslintrc.json', '.eslintrc.yml', '.eslintrc.yaml', '.eslintrc.js', '.eslintrc.cjs', 'package.json:eslintConfig']
[Activation] TYPESCRIPT_ES has been set inactive, as none of these files has been found: ['.eslintrc.json', '.eslintrc.yml', '.eslintrc.yaml', '.eslintrc.js', '.eslintrc.cjs', 'package.json:eslintConfig']
MARKDOWN_REMARK_LINT has been temporary disabled in MegaLinter, please use a previous MegaLinter version or wait for the next one !
SNAKEMAKE_SNAKEFMT has been temporary disabled in MegaLinter, please use a previous MegaLinter version or wait for the next one !
Skipped linters: ANSIBLE_ANSIBLE_LINT, COPYPASTE_JSCPD, EDITORCONFIG_EDITORCONFIG_CHECKER, JAVASCRIPT_ES, JAVASCRIPT_PRETTIER, JSON_PRETTIER, JSX_ESLINT, KUBERNETES_KUBECONFORM, KUBERNETES_KUBEVAL, MARKDOWN_MARKDOWN_LINK_CHECK, MARKDOWN_REMARK_LINT, POWERSHELL_POWERSHELL, REPOSITORY_CHECKOV, REPOSITORY_DEVSKIM, REPOSITORY_DUSTILOCK, REPOSITORY_GITLEAKS, REPOSITORY_GOODCHECK, REPOSITORY_SECRETLINT, REPOSITORY_SEMGREP, REPOSITORY_SYFT, REPOSITORY_TRIVY, SALESFORCE_SFDX_SCANNER_APEX, SALESFORCE_SFDX_SCANNER_AURA, SALESFORCE_SFDX_SCANNER_LWC, SNAKEMAKE_SNAKEFMT, SPELL_CSPELL, SPELL_MISSPELL, SPELL_PROSELINT, SQL_SQLFLUFF, SWIFT_SWIFTLINT, TSX_ESLINT, TYPESCRIPT_ES, TYPESCRIPT_PRETTIER
To receive reports as email, please set variable EMAIL_REPORTER_EMAIL
::endgroup::
::group::MegaLinter now collects the files to analyse (expand for details)
Listing updated files in [/github/workspace] using git diff.
Modified files:
.dockerignore
.github/workflows/mega-linter.yml
.gitignore
.markdownlint.json
.mega-linter.yml
Dockerfile
Makefile
README.md
megalinter-reports/IDE-config.txt
megalinter-reports/IDE-config/.markdown-link-check.json
megalinter-reports/IDE-config/.markdownlint.json
megalinter-reports/IDE-config/.vscode/extensions.json
megalinter-reports/IDE-config/.yamllint.yml
megalinter-reports/linters_logs/SUCCESS-DOCKERFILE_HADOLINT.log
megalinter-reports/linters_logs/SUCCESS-MAKEFILE_CHECKMAKE.log
megalinter-reports/linters_logs/SUCCESS-MARKDOWN_MARKDOWN_LINK_CHECK.log
megalinter-reports/linters_logs/SUCCESS-MARKDOWN_MARKDOWN_TABLE_FORMATTER.log
megalinter-reports/linters_logs/SUCCESS-REPOSITORY_GIT_DIFF.log
megalinter-reports/linters_logs/SUCCESS-YAML_PRETTIER.log
megalinter-reports/linters_logs/SUCCESS-YAML_V8R.log
megalinter-reports/linters_logs/SUCCESS-YAML_YAMLLINT.log
megalinter-reports/linters_logs/WARNING-MARKDOWN_MARKDOWNLINT.log
megalinter-reports/megalinter.log
megalinter-reports/updated_sources/.mega-linter.yml
megalinter-reports/updated_sources/README.md
- File extensions: , .R, .RMD, .Rmd, .bash, .c, .c++, .cc, .clj, .cljc, .cljs, .coffee, .cpp, .cs, .css, .cu, .cuh, .cxx, .dart, .dash, .edn, .env, .feature, .go, .gradle, .graphql, .groovy, .gvy, .h, .h++, .hcl, .hh, .hpp, .htm, .html, .hxx, .java, .js, .json, .json5, .jsonc, .ksh, .kt, .kts, .lua, .md, .nf, .p6, .php, .pl, .pl6, .pm, .pm6, .pp, .proto, .py, .r, .raku, .rakumod, .rakutest, .rb, .rs, .rst, .saas, .scala, .scss, .sh, .smk, .sql, .t, .tex, .tf, .ts, .vb, .xml, .yaml, .yml
- File names (regex): Dockerfile, Jenkinsfile, Makefile, Snakefile
- Excluding regex: (\.github)
- Excluding .gitignored files [17]: /github/workspace/megalinter-reports/IDE-config.txt, /github/workspace/megalinter-reports/IDE-config/.markdown-link-check.json, /github/workspace/megalinter-reports/IDE-config/.markdownlint.json, /github/workspace/megalinter-reports/IDE-config/.vscode/extensions.json, /github/workspace/megalinter-reports/IDE-config/.yamllint.yml, /github/workspace/megalinter-reports/linters_logs/SUCCESS-DOCKERFILE_HADOLINT.log, /github/workspace/megalinter-reports/linters_logs/SUCCESS-MAKEFILE_CHECKMAKE.log, /github/workspace/megalinter-reports/linters_logs/SUCCESS-MARKDOWN_MARKDOWN_LINK_CHECK.log, /github/workspace/megalinter-reports/linters_logs/SUCCESS-MARKDOWN_MARKDOWN_TABLE_FORMATTER.log, /github/workspace/megalinter-reports/linters_logs/SUCCESS-REPOSITORY_GIT_DIFF.log,...(full list in DEBUG)
Kept [7] files on [25] found files

+----MATCHING LINTERS-------------------+---------------------+----------------+------------+
| Descriptor | Linter                   | Criteria            | Matching files | Format/Fix |
+------------+--------------------------+---------------------+----------------+------------+
| DOCKERFILE | hadolint                 | Dockerfile          | 1              | no         |
| JSON       | jsonlint                 | .json               | 1              | no         |
| JSON       | eslint-plugin-jsonc      | .json|.json5|.jsonc | 1              | yes        |
| JSON       | v8r                      | .json               | 1              | no         |
| MAKEFILE   | checkmake                | Makefile            | 1              | no         |
| MARKDOWN   | markdownlint             | .md                 | 1              | yes        |
| MARKDOWN   | markdown-table-formatter | .md                 | 1              | yes        |
| REPOSITORY | git_diff                 |                     | project        | no         |
| YAML       | prettier                 | .yml|.yaml          | 1              | yes        |
| YAML       | yamllint                 | .yml|.yaml          | 1              | no         |
| YAML       | v8r                      | .yml|.yaml          | 1              | no         |
+------------+--------------------------+---------------------+----------------+------------+
::endgroup::
::group::[32m✅ Linted [DOCKERFILE] files with [hadolint] successfully - (0.07s)[0m (expand for details)
- Using [hadolint v2.10.0] https://oxsecurity.github.io/megalinter/latest/v6/descriptors/dockerfile_hadolint
- MegaLinter key: [DOCKERFILE_HADOLINT]
- Rules config: identified by [hadolint]
- Number of files analyzed: [1]
::endgroup::
::group::[32m✅ Linted [MAKEFILE] files with [checkmake] successfully - (0.0s)[0m (expand for details)
- Using [checkmake v0.2.1] https://oxsecurity.github.io/megalinter/latest/v6/descriptors/makefile_checkmake
- MegaLinter key: [MAKEFILE_CHECKMAKE]
- Rules config: identified by [checkmake]
- Number of files analyzed: [1]
::endgroup::
::group::[32m✅ Linted [JSON] files with [jsonlint] successfully - (0.41s)[0m (expand for details)
- Using [jsonlint v11.6.0] https://oxsecurity.github.io/megalinter/latest/v6/descriptors/json_jsonlint
- MegaLinter key: [JSON_JSONLINT]
- Rules config: identified by [jsonlint]
- Number of files analyzed: [1]
::endgroup::
::group::[33m✅ Linted [MARKDOWN] files with [markdownlint]: Found 64 non blocking error(s) - (0.42s)[0m (expand for details)
- Using [markdownlint v0.32.1] https://oxsecurity.github.io/megalinter/latest/v6/descriptors/markdown_markdownlint
- MegaLinter key: [MARKDOWN_MARKDOWNLINT]
- Rules config: [/github/workspace/.markdownlint.json]
- Number of files analyzed: [1]
--Error detail:
/github/workspace/README.md:108:1 MD033/no-inline-html Inline HTML [Element: a]
/github/workspace/README.md:108:38 MD033/no-inline-html Inline HTML [Element: img]
/github/workspace/README.md:109:1 MD033/no-inline-html Inline HTML [Element: a]
/github/workspace/README.md:109:38 MD033/no-inline-html Inline HTML [Element: img]
/github/workspace/README.md:110:1 MD033/no-inline-html Inline HTML [Element: a]
/github/workspace/README.md:110:36 MD033/no-inline-html Inline HTML [Element: img]
/github/workspace/README.md:111:1 MD033/no-inline-html Inline HTML [Element: a]
/github/workspace/README.md:111:39 MD033/no-inline-html Inline HTML [Element: img]
/github/workspace/README.md:112:1 MD033/no-inline-html Inline HTML [Element: a]
/github/workspace/README.md:112:41 MD033/no-inline-html Inline HTML [Element: img]
/github/workspace/README.md:113:1 MD033/no-inline-html Inline HTML [Element: a]
/github/workspace/README.md:113:38 MD033/no-inline-html Inline HTML [Element: img]
/github/workspace/README.md:114:1 MD033/no-inline-html Inline HTML [Element: a]
/github/workspace/README.md:114:35 MD033/no-inline-html Inline HTML [Element: img]
/github/workspace/README.md:115:1 MD033/no-inline-html Inline HTML [Element: a]
/github/workspace/README.md:115:43 MD033/no-inline-html Inline HTML [Element: img]
/github/workspace/README.md:116:1 MD033/no-inline-html Inline HTML [Element: a]
/github/workspace/README.md:116:38 MD033/no-inline-html Inline HTML [Element: img]
/github/workspace/README.md:117:1 MD033/no-inline-html Inline HTML [Element: a]
/github/workspace/README.md:117:38 MD033/no-inline-html Inline HTML [Element: img]
/github/workspace/README.md:118:1 MD033/no-inline-html Inline HTML [Element: a]
/github/workspace/README.md:118:39 MD033/no-inline-html Inline HTML [Element: img]
/github/workspace/README.md:119:1 MD033/no-inline-html Inline HTML [Element: a]
/github/workspace/README.md:119:36 MD033/no-inline-html Inline HTML [Element: img]
/github/workspace/README.md:120:1 MD033/no-inline-html Inline HTML [Element: a]
/github/workspace/README.md:120:48 MD033/no-inline-html Inline HTML [Element: img]
/github/workspace/README.md:121:1 MD033/no-inline-html Inline HTML [Element: a]
/github/workspace/README.md:121:38 MD033/no-inline-html Inline HTML [Element: img]
/github/workspace/README.md:122:1 MD033/no-inline-html Inline HTML [Element: a]
/github/workspace/README.md:122:41 MD033/no-inline-html Inline HTML [Element: img]
/github/workspace/README.md:123:1 MD033/no-inline-html Inline HTML [Element: a]
/github/workspace/README.md:123:38 MD033/no-inline-html Inline HTML [Element: img]
/github/workspace/README.md:124:1 MD033/no-inline-html Inline HTML [Element: a]
/github/workspace/README.md:124:40 MD033/no-inline-html Inline HTML [Element: img]
/github/workspace/README.md:125:1 MD033/no-inline-html Inline HTML [Element: a]
/github/workspace/README.md:125:39 MD033/no-inline-html Inline HTML [Element: img]
/github/workspace/README.md:126:1 MD033/no-inline-html Inline HTML [Element: a]
/github/workspace/README.md:126:39 MD033/no-inline-html Inline HTML [Element: img]
/github/workspace/README.md:127:1 MD033/no-inline-html Inline HTML [Element: a]
/github/workspace/README.md:127:42 MD033/no-inline-html Inline HTML [Element: img]
/github/workspace/README.md:128:1 MD033/no-inline-html Inline HTML [Element: a]
/github/workspace/README.md:128:42 MD033/no-inline-html Inline HTML [Element: img]
/github/workspace/README.md:129:1 MD033/no-inline-html Inline HTML [Element: a]
/github/workspace/README.md:129:40 MD033/no-inline-html Inline HTML [Element: img]
/github/workspace/README.md:130:1 MD033/no-inline-html Inline HTML [Element: a]
/github/workspace/README.md:130:44 MD033/no-inline-html Inline HTML [Element: img]
/github/workspace/README.md:131:1 MD033/no-inline-html Inline HTML [Element: a]
/github/workspace/README.md:131:38 MD033/no-inline-html Inline HTML [Element: img]
/github/workspace/README.md:132:1 MD033/no-inline-html Inline HTML [Element: a]
/github/workspace/README.md:132:51 MD033/no-inline-html Inline HTML [Element: img]
/github/workspace/README.md:133:1 MD033/no-inline-html Inline HTML [Element: a]
/github/workspace/README.md:133:36 MD033/no-inline-html Inline HTML [Element: img]
/github/workspace/README.md:134:1 MD033/no-inline-html Inline HTML [Element: a]
/github/workspace/README.md:134:41 MD033/no-inline-html Inline HTML [Element: img]
/github/workspace/README.md:135:1 MD033/no-inline-html Inline HTML [Element: a]
/github/workspace/README.md:135:42 MD033/no-inline-html Inline HTML [Element: img]
/github/workspace/README.md:136:1 MD033/no-inline-html Inline HTML [Element: a]
/github/workspace/README.md:136:35 MD033/no-inline-html Inline HTML [Element: img]
/github/workspace/README.md:137:1 MD033/no-inline-html Inline HTML [Element: a]
/github/workspace/README.md:137:43 MD033/no-inline-html Inline HTML [Element: img]
/github/workspace/README.md:138:1 MD033/no-inline-html Inline HTML [Element: a]
/github/workspace/README.md:138:48 MD033/no-inline-html Inline HTML [Element: img]
/github/workspace/README.md:139:1 MD033/no-inline-html Inline HTML [Element: a]
/github/workspace/README.md:139:36 MD033/no-inline-html Inline HTML [Element: img]

::endgroup::
::group::[32m✅ Linted [MARKDOWN] files with [markdown-table-formatter] successfully - (0.24s)[0m (expand for details)
- Using [markdown-table-formatter v1.4.0] https://oxsecurity.github.io/megalinter/latest/v6/descriptors/markdown_markdown_table_formatter
- MegaLinter key: [MARKDOWN_MARKDOWN_TABLE_FORMATTER]
- Rules config: identified by [markdown-table-formatter]
- Number of files analyzed: [1]
::endgroup::
::group::[32m✅ Linted [REPOSITORY] files with [git_diff] successfully - (0.0s)[0m (expand for details)
- Using [git_diff v2.34.4] https://oxsecurity.github.io/megalinter/latest/v6/descriptors/repository_git_diff
- MegaLinter key: [REPOSITORY_GIT_DIFF]
- Rules config: identified by [git_diff]
::endgroup::
::group::[32m✅ Linted [YAML] files with [prettier] successfully - (0.45s)[0m (expand for details)
- Using [prettier v2.7.1] https://oxsecurity.github.io/megalinter/latest/v6/descriptors/yaml_prettier
- MegaLinter key: [YAML_PRETTIER]
- Rules config: identified by [prettier]
- Number of files analyzed: [1]
::endgroup::
::group::[32m✅ Linted [YAML] files with [yamllint] successfully - (0.18s)[0m (expand for details)
- Using [yamllint v1.27.1] https://oxsecurity.github.io/megalinter/latest/v6/descriptors/yaml_yamllint
- MegaLinter key: [YAML_YAMLLINT]
- Rules config: [.yamllint.yml]
- Number of files analyzed: [1]
::endgroup::
::group::[32m✅ Linted [JSON] files with [eslint-plugin-jsonc] successfully - (0.99s)[0m (expand for details)
- Using [eslint-plugin-jsonc v2.3.1] https://oxsecurity.github.io/megalinter/latest/v6/descriptors/json_eslint_plugin_jsonc
- MegaLinter key: [JSON_ESLINT_PLUGIN_JSONC]
- Rules config: [.eslintrc-json.json]
- Number of files analyzed: [1]
::endgroup::
::group::[32m✅ Linted [YAML] files with [v8r] successfully - (1.62s)[0m (expand for details)
- Using [v8r v0.13.0] https://oxsecurity.github.io/megalinter/latest/v6/descriptors/yaml_v8r
- MegaLinter key: [YAML_V8R]
- Rules config: identified by [v8r]
- Number of files analyzed: [1]
::endgroup::
::group::[32m✅ Linted [JSON] files with [v8r] successfully - (1.11s)[0m (expand for details)
- Using [v8r v0.13.0] https://oxsecurity.github.io/megalinter/latest/v6/descriptors/json_v8r
- MegaLinter key: [JSON_V8R]
- Rules config: identified by [v8r]
- Number of files analyzed: [1]
::endgroup::

+----SUMMARY----+--------------------------+---------------+-------+-------+--------+--------------+
| Descriptor    | Linter                   | Mode          | Files | Fixed | Errors | Elapsed time |
+---------------+--------------------------+---------------+-------+-------+--------+--------------+
| ✅ DOCKERFILE | hadolint                 | file          |     1 |       |      0 |        0.07s |
| ✅ JSON       | eslint-plugin-jsonc      | list_of_files |     1 |     0 |      0 |        0.99s |
| ✅ JSON       | jsonlint                 | list_of_files |     1 |       |      0 |        0.41s |
| ✅ JSON       | v8r                      | list_of_files |     1 |       |      0 |        1.11s |
| ✅ MAKEFILE   | checkmake                | file          |     1 |       |      0 |         0.0s |
| ◬ MARKDOWN    | markdownlint             | list_of_files |     1 |     1 |     64 |        0.42s |
| ✅ MARKDOWN   | markdown-table-formatter | list_of_files |     1 |     1 |      0 |        0.24s |
| ✅ REPOSITORY | git_diff                 | project       |   n/a |       |      0 |         0.0s |
| ✅ YAML       | prettier                 | list_of_files |     1 |     1 |      0 |        0.45s |
| ✅ YAML       | v8r                      | list_of_files |     1 |       |      0 |        1.62s |
| ✅ YAML       | yamllint                 | list_of_files |     1 |       |      0 |        0.18s |
+---------------+--------------------------+---------------+-------+-------+--------+--------------+

[GitHub Comment Reporter] Posted summary as comment on brandonmcclure/learnGitBranching #PR1
[Updated Sources Reporter] copied 5 fixed source files in folder /github/workspace/megalinter-reports/updated_sources.
Download it from artifacts then copy-paste it in your local repo to apply linters updates
[33m◬ Successfully linted all files, but with ignored errors[0m
